mode: count
github.com/cuimingda/subs-cli/cmd/subs/main.go:9.13,11.2 1 0
github.com/cuimingda/subs-cli/internal/subtitles/dialogue_fonts.go:21.64,24.16 3 5
github.com/cuimingda/subs-cli/internal/subtitles/dialogue_fonts.go:24.16,26.3 1 0
github.com/cuimingda/subs-cli/internal/subtitles/dialogue_fonts.go:28.2,28.29 1 5
github.com/cuimingda/subs-cli/internal/subtitles/dialogue_fonts.go:28.29,30.17 2 5
github.com/cuimingda/subs-cli/internal/subtitles/dialogue_fonts.go:30.17,32.4 1 0
github.com/cuimingda/subs-cli/internal/subtitles/dialogue_fonts.go:34.3,37.5 1 5
github.com/cuimingda/subs-cli/internal/subtitles/dialogue_fonts.go:40.2,40.42 1 5
github.com/cuimingda/subs-cli/internal/subtitles/dialogue_fonts.go:40.42,42.3 1 1
github.com/cuimingda/subs-cli/internal/subtitles/dialogue_fonts.go:44.2,44.21 1 5
github.com/cuimingda/subs-cli/internal/subtitles/dialogue_fonts.go:47.75,50.16 3 4
github.com/cuimingda/subs-cli/internal/subtitles/dialogue_fonts.go:50.16,52.3 1 0
github.com/cuimingda/subs-cli/internal/subtitles/dialogue_fonts.go:54.2,54.29 1 4
github.com/cuimingda/subs-cli/internal/subtitles/dialogue_fonts.go:54.29,56.56 2 5
github.com/cuimingda/subs-cli/internal/subtitles/dialogue_fonts.go:56.56,58.4 1 0
github.com/cuimingda/subs-cli/internal/subtitles/dialogue_fonts.go:60.3,61.17 2 5
github.com/cuimingda/subs-cli/internal/subtitles/dialogue_fonts.go:61.17,63.4 1 0
github.com/cuimingda/subs-cli/internal/subtitles/dialogue_fonts.go:65.3,66.23 2 5
github.com/cuimingda/subs-cli/internal/subtitles/dialogue_fonts.go:66.23,67.12 1 2
github.com/cuimingda/subs-cli/internal/subtitles/dialogue_fonts.go:70.3,70.76 1 3
github.com/cuimingda/subs-cli/internal/subtitles/dialogue_fonts.go:70.76,72.4 1 0
github.com/cuimingda/subs-cli/internal/subtitles/dialogue_fonts.go:73.3,73.36 1 3
github.com/cuimingda/subs-cli/internal/subtitles/dialogue_fonts.go:76.2,76.20 1 4
github.com/cuimingda/subs-cli/internal/subtitles/dialogue_fonts.go:79.49,81.16 2 18
github.com/cuimingda/subs-cli/internal/subtitles/dialogue_fonts.go:81.16,83.3 1 0
github.com/cuimingda/subs-cli/internal/subtitles/dialogue_fonts.go:85.2,86.32 2 18
github.com/cuimingda/subs-cli/internal/subtitles/dialogue_fonts.go:86.32,87.32 1 26
github.com/cuimingda/subs-cli/internal/subtitles/dialogue_fonts.go:87.32,88.12 1 3
github.com/cuimingda/subs-cli/internal/subtitles/dialogue_fonts.go:90.3,91.23 2 23
github.com/cuimingda/subs-cli/internal/subtitles/dialogue_fonts.go:91.23,92.12 1 4
github.com/cuimingda/subs-cli/internal/subtitles/dialogue_fonts.go:95.3,95.38 1 19
github.com/cuimingda/subs-cli/internal/subtitles/dialogue_fonts.go:98.2,98.60 1 18
github.com/cuimingda/subs-cli/internal/subtitles/dialogue_fonts.go:98.60,100.3 1 0
github.com/cuimingda/subs-cli/internal/subtitles/dialogue_fonts.go:102.2,102.19 1 18
github.com/cuimingda/subs-cli/internal/subtitles/dialogue_fonts.go:105.64,106.55 1 5
github.com/cuimingda/subs-cli/internal/subtitles/dialogue_fonts.go:106.55,108.3 1 0
github.com/cuimingda/subs-cli/internal/subtitles/dialogue_fonts.go:110.2,111.16 2 5
github.com/cuimingda/subs-cli/internal/subtitles/dialogue_fonts.go:111.16,113.3 1 0
github.com/cuimingda/subs-cli/internal/subtitles/dialogue_fonts.go:115.2,118.19 3 5
github.com/cuimingda/subs-cli/internal/subtitles/dialogue_fonts.go:121.61,127.20 5 5
github.com/cuimingda/subs-cli/internal/subtitles/dialogue_fonts.go:127.20,128.35 1 329
github.com/cuimingda/subs-cli/internal/subtitles/dialogue_fonts.go:128.35,134.12 6 4
github.com/cuimingda/subs-cli/internal/subtitles/dialogue_fonts.go:137.3,137.6 1 325
github.com/cuimingda/subs-cli/internal/subtitles/dialogue_fonts.go:140.2,140.22 1 5
github.com/cuimingda/subs-cli/internal/subtitles/dialogue_fonts.go:140.22,142.3 1 2
github.com/cuimingda/subs-cli/internal/subtitles/dialogue_fonts.go:144.2,145.37 2 3
github.com/cuimingda/subs-cli/internal/subtitles/dialogue_fonts.go:148.49,153.22 4 5
github.com/cuimingda/subs-cli/internal/subtitles/dialogue_fonts.go:153.22,154.36 1 317
github.com/cuimingda/subs-cli/internal/subtitles/dialogue_fonts.go:154.36,156.12 2 309
github.com/cuimingda/subs-cli/internal/subtitles/dialogue_fonts.go:159.3,161.17 3 8
github.com/cuimingda/subs-cli/internal/subtitles/dialogue_fonts.go:161.17,162.43 1 8
github.com/cuimingda/subs-cli/internal/subtitles/dialogue_fonts.go:162.43,165.5 2 7
github.com/cuimingda/subs-cli/internal/subtitles/dialogue_fonts.go:167.3,167.10 1 8
github.com/cuimingda/subs-cli/internal/subtitles/dialogue_fonts.go:170.2,170.14 1 5
github.com/cuimingda/subs-cli/internal/subtitles/dialogue_fonts.go:173.51,175.2 1 646
github.com/cuimingda/subs-cli/internal/subtitles/dialogue_fonts.go:177.57,179.20 2 12
github.com/cuimingda/subs-cli/internal/subtitles/dialogue_fonts.go:179.20,180.18 1 105
github.com/cuimingda/subs-cli/internal/subtitles/dialogue_fonts.go:181.30,182.12 1 12
github.com/cuimingda/subs-cli/internal/subtitles/dialogue_fonts.go:183.11,184.7 1 93
github.com/cuimingda/subs-cli/internal/subtitles/dialogue_fonts.go:187.2,187.10 1 0
github.com/cuimingda/subs-cli/internal/subtitles/encoding.go:24.68,26.16 2 3
github.com/cuimingda/subs-cli/internal/subtitles/encoding.go:26.16,28.3 1 1
github.com/cuimingda/subs-cli/internal/subtitles/encoding.go:30.2,31.29 2 2
github.com/cuimingda/subs-cli/internal/subtitles/encoding.go:31.29,37.3 2 3
github.com/cuimingda/subs-cli/internal/subtitles/encoding.go:39.2,39.23 1 2
github.com/cuimingda/subs-cli/internal/subtitles/encoding.go:42.57,43.21 1 19
github.com/cuimingda/subs-cli/internal/subtitles/encoding.go:43.21,45.3 1 1
github.com/cuimingda/subs-cli/internal/subtitles/encoding.go:47.2,47.31 1 18
github.com/cuimingda/subs-cli/internal/subtitles/encoding.go:50.44,52.29 2 18
github.com/cuimingda/subs-cli/internal/subtitles/encoding.go:52.29,53.56 1 20
github.com/cuimingda/subs-cli/internal/subtitles/encoding.go:53.56,55.4 1 0
github.com/cuimingda/subs-cli/internal/subtitles/encoding.go:57.3,58.17 2 20
github.com/cuimingda/subs-cli/internal/subtitles/encoding.go:58.17,60.4 1 0
github.com/cuimingda/subs-cli/internal/subtitles/encoding.go:62.3,62.26 1 20
github.com/cuimingda/subs-cli/internal/subtitles/encoding.go:62.26,63.12 1 20
github.com/cuimingda/subs-cli/internal/subtitles/encoding.go:66.3,67.52 2 0
github.com/cuimingda/subs-cli/internal/subtitles/encoding.go:67.52,69.12 2 0
github.com/cuimingda/subs-cli/internal/subtitles/encoding.go:72.3,72.26 1 0
github.com/cuimingda/subs-cli/internal/subtitles/encoding.go:72.26,74.4 1 0
github.com/cuimingda/subs-cli/internal/subtitles/encoding.go:77.2,77.23 1 18
github.com/cuimingda/subs-cli/internal/subtitles/encoding.go:77.23,79.3 1 18
github.com/cuimingda/subs-cli/internal/subtitles/encoding.go:81.2,81.78 1 0
github.com/cuimingda/subs-cli/internal/subtitles/encoding.go:84.45,85.55 1 10
github.com/cuimingda/subs-cli/internal/subtitles/encoding.go:85.55,87.3 1 0
github.com/cuimingda/subs-cli/internal/subtitles/encoding.go:89.2,90.37 2 10
github.com/cuimingda/subs-cli/internal/subtitles/encoding.go:90.37,92.3 1 0
github.com/cuimingda/subs-cli/internal/subtitles/encoding.go:94.2,95.34 2 10
github.com/cuimingda/subs-cli/internal/subtitles/encoding.go:95.34,97.3 1 1
github.com/cuimingda/subs-cli/internal/subtitles/encoding.go:99.2,99.34 1 9
github.com/cuimingda/subs-cli/internal/subtitles/encoding.go:102.64,105.16 3 0
github.com/cuimingda/subs-cli/internal/subtitles/encoding.go:105.16,107.3 1 0
github.com/cuimingda/subs-cli/internal/subtitles/encoding.go:109.2,109.43 1 0
github.com/cuimingda/subs-cli/internal/subtitles/encoding.go:109.43,111.3 1 0
github.com/cuimingda/subs-cli/internal/subtitles/encoding.go:113.2,113.28 1 0
github.com/cuimingda/subs-cli/internal/subtitles/file_limits.go:17.13,19.20 2 1
github.com/cuimingda/subs-cli/internal/subtitles/file_limits.go:19.20,21.3 1 1
github.com/cuimingda/subs-cli/internal/subtitles/file_limits.go:23.2,24.30 2 0
github.com/cuimingda/subs-cli/internal/subtitles/file_limits.go:24.30,26.3 1 0
github.com/cuimingda/subs-cli/internal/subtitles/file_limits.go:28.2,28.30 1 0
github.com/cuimingda/subs-cli/internal/subtitles/file_limits.go:31.54,33.16 2 56
github.com/cuimingda/subs-cli/internal/subtitles/file_limits.go:33.16,35.3 1 0
github.com/cuimingda/subs-cli/internal/subtitles/file_limits.go:37.2,37.18 1 56
github.com/cuimingda/subs-cli/internal/subtitles/file_limits.go:37.18,39.3 1 0
github.com/cuimingda/subs-cli/internal/subtitles/file_limits.go:41.2,41.40 1 56
github.com/cuimingda/subs-cli/internal/subtitles/file_limits.go:41.40,49.3 1 0
github.com/cuimingda/subs-cli/internal/subtitles/file_limits.go:51.2,51.12 1 56
github.com/cuimingda/subs-cli/internal/subtitles/file_write.go:8.60,10.44 2 12
github.com/cuimingda/subs-cli/internal/subtitles/file_write.go:10.44,12.3 1 12
github.com/cuimingda/subs-cli/internal/subtitles/file_write.go:14.2,16.16 3 12
github.com/cuimingda/subs-cli/internal/subtitles/file_write.go:16.16,18.3 1 0
github.com/cuimingda/subs-cli/internal/subtitles/file_write.go:20.2,24.16 4 12
github.com/cuimingda/subs-cli/internal/subtitles/file_write.go:24.16,27.3 2 0
github.com/cuimingda/subs-cli/internal/subtitles/file_write.go:29.2,29.40 1 12
github.com/cuimingda/subs-cli/internal/subtitles/file_write.go:29.40,32.3 2 0
github.com/cuimingda/subs-cli/internal/subtitles/file_write.go:34.2,34.35 1 12
github.com/cuimingda/subs-cli/internal/subtitles/file_write.go:34.35,37.3 2 0
github.com/cuimingda/subs-cli/internal/subtitles/file_write.go:39.2,39.36 1 12
github.com/cuimingda/subs-cli/internal/subtitles/file_write.go:39.36,41.3 1 0
github.com/cuimingda/subs-cli/internal/subtitles/file_write.go:43.2,43.49 1 12
github.com/cuimingda/subs-cli/internal/subtitles/file_write.go:43.49,45.3 1 0
github.com/cuimingda/subs-cli/internal/subtitles/file_write.go:47.2,48.16 2 12
github.com/cuimingda/subs-cli/internal/subtitles/file_write.go:48.16,50.3 1 0
github.com/cuimingda/subs-cli/internal/subtitles/file_write.go:51.2,51.15 1 12
github.com/cuimingda/subs-cli/internal/subtitles/file_write.go:51.15,53.3 1 12
github.com/cuimingda/subs-cli/internal/subtitles/file_write.go:55.2,55.69 1 12
github.com/cuimingda/subs-cli/internal/subtitles/file_write.go:55.69,57.3 1 0
github.com/cuimingda/subs-cli/internal/subtitles/file_write.go:59.2,59.12 1 12
github.com/cuimingda/subs-cli/internal/subtitles/file_write.go:62.41,63.16 1 0
github.com/cuimingda/subs-cli/internal/subtitles/file_write.go:63.16,65.3 1 0
github.com/cuimingda/subs-cli/internal/subtitles/file_write.go:67.2,67.86 1 0
github.com/cuimingda/subs-cli/internal/subtitles/list.go:12.54,14.16 2 12
github.com/cuimingda/subs-cli/internal/subtitles/list.go:14.16,16.3 1 0
github.com/cuimingda/subs-cli/internal/subtitles/list.go:18.2,19.32 2 12
github.com/cuimingda/subs-cli/internal/subtitles/list.go:19.32,20.32 1 16
github.com/cuimingda/subs-cli/internal/subtitles/list.go:20.32,21.12 1 1
github.com/cuimingda/subs-cli/internal/subtitles/list.go:24.3,25.37 2 15
github.com/cuimingda/subs-cli/internal/subtitles/list.go:25.37,27.4 1 12
github.com/cuimingda/subs-cli/internal/subtitles/list.go:30.2,30.21 1 12
github.com/cuimingda/subs-cli/internal/subtitles/list.go:30.21,32.3 1 2
github.com/cuimingda/subs-cli/internal/subtitles/list.go:34.2,34.19 1 10
github.com/cuimingda/subs-cli/internal/subtitles/reset.go:23.64,25.16 2 7
github.com/cuimingda/subs-cli/internal/subtitles/reset.go:25.16,27.3 1 0
github.com/cuimingda/subs-cli/internal/subtitles/reset.go:29.2,31.29 2 7
github.com/cuimingda/subs-cli/internal/subtitles/reset.go:31.29,33.17 2 7
github.com/cuimingda/subs-cli/internal/subtitles/reset.go:33.17,35.4 1 0
github.com/cuimingda/subs-cli/internal/subtitles/reset.go:37.3,37.14 1 7
github.com/cuimingda/subs-cli/internal/subtitles/reset.go:37.14,39.4 1 6
github.com/cuimingda/subs-cli/internal/subtitles/reset.go:42.2,42.20 1 7
github.com/cuimingda/subs-cli/internal/subtitles/reset.go:45.49,46.55 1 7
github.com/cuimingda/subs-cli/internal/subtitles/reset.go:46.55,48.3 1 0
github.com/cuimingda/subs-cli/internal/subtitles/reset.go:50.2,51.16 2 7
github.com/cuimingda/subs-cli/internal/subtitles/reset.go:51.16,53.3 1 0
github.com/cuimingda/subs-cli/internal/subtitles/reset.go:55.2,56.30 2 7
github.com/cuimingda/subs-cli/internal/subtitles/reset.go:56.30,57.26 1 1
github.com/cuimingda/subs-cli/internal/subtitles/reset.go:57.26,59.4 1 1
github.com/cuimingda/subs-cli/internal/subtitles/reset.go:61.3,61.29 1 0
github.com/cuimingda/subs-cli/internal/subtitles/reset.go:64.2,65.16 2 6
github.com/cuimingda/subs-cli/internal/subtitles/reset.go:65.16,67.3 1 0
github.com/cuimingda/subs-cli/internal/subtitles/reset.go:69.2,69.37 1 6
github.com/cuimingda/subs-cli/internal/subtitles/reset.go:69.37,71.3 1 0
github.com/cuimingda/subs-cli/internal/subtitles/reset.go:73.2,73.63 1 6
github.com/cuimingda/subs-cli/internal/subtitles/reset.go:73.63,75.3 1 0
github.com/cuimingda/subs-cli/internal/subtitles/reset.go:77.2,77.18 1 6
github.com/cuimingda/subs-cli/internal/subtitles/reset.go:80.43,82.2 1 7
github.com/cuimingda/subs-cli/internal/subtitles/reset.go:84.69,86.27 2 6
github.com/cuimingda/subs-cli/internal/subtitles/reset.go:86.27,88.3 1 0
github.com/cuimingda/subs-cli/internal/subtitles/reset.go:90.2,91.16 2 6
github.com/cuimingda/subs-cli/internal/subtitles/reset.go:91.16,93.3 1 0
github.com/cuimingda/subs-cli/internal/subtitles/reset.go:95.2,96.16 2 6
github.com/cuimingda/subs-cli/internal/subtitles/reset.go:96.16,98.3 1 0
github.com/cuimingda/subs-cli/internal/subtitles/reset.go:100.2,100.21 1 6
github.com/cuimingda/subs-cli/internal/subtitles/reset.go:103.68,104.37 1 6
github.com/cuimingda/subs-cli/internal/subtitles/reset.go:105.13,106.36 1 1
github.com/cuimingda/subs-cli/internal/subtitles/reset.go:107.16,108.41 1 1
github.com/cuimingda/subs-cli/internal/subtitles/reset.go:109.17,110.40 1 1
github.com/cuimingda/subs-cli/internal/subtitles/reset.go:111.18,112.40 1 1
github.com/cuimingda/subs-cli/internal/subtitles/reset.go:113.16,114.75 1 0
github.com/cuimingda/subs-cli/internal/subtitles/reset.go:115.18,116.75 1 0
github.com/cuimingda/subs-cli/internal/subtitles/reset.go:117.18,118.72 1 0
github.com/cuimingda/subs-cli/internal/subtitles/reset.go:119.15,120.75 1 0
github.com/cuimingda/subs-cli/internal/subtitles/reset.go:121.17,122.75 1 0
github.com/cuimingda/subs-cli/internal/subtitles/reset.go:123.17,124.72 1 0
github.com/cuimingda/subs-cli/internal/subtitles/reset.go:125.45,126.34 1 2
github.com/cuimingda/subs-cli/internal/subtitles/reset.go:127.55,128.34 1 0
github.com/cuimingda/subs-cli/internal/subtitles/reset.go:131.2,131.62 1 0
github.com/cuimingda/subs-cli/internal/subtitles/reset.go:134.48,137.24 3 19
github.com/cuimingda/subs-cli/internal/subtitles/reset.go:137.24,139.3 1 0
github.com/cuimingda/subs-cli/internal/subtitles/reset.go:141.2,141.17 1 19
github.com/cuimingda/subs-cli/internal/subtitles/search.go:12.56,14.17 2 2
github.com/cuimingda/subs-cli/internal/subtitles/search.go:14.17,16.3 1 1
github.com/cuimingda/subs-cli/internal/subtitles/search.go:18.2,18.20 1 1
github.com/cuimingda/subs-cli/internal/subtitles/search.go:21.67,23.16 2 3
github.com/cuimingda/subs-cli/internal/subtitles/search.go:23.16,25.3 1 0
github.com/cuimingda/subs-cli/internal/subtitles/search.go:27.2,27.47 1 3
github.com/cuimingda/subs-cli/internal/subtitles/search.go:27.47,28.33 1 4
github.com/cuimingda/subs-cli/internal/subtitles/search.go:28.33,29.33 1 6
github.com/cuimingda/subs-cli/internal/subtitles/search.go:29.33,30.13 1 0
github.com/cuimingda/subs-cli/internal/subtitles/search.go:33.4,33.104 1 6
github.com/cuimingda/subs-cli/internal/subtitles/search.go:33.104,35.5 1 2
github.com/cuimingda/subs-cli/internal/subtitles/search.go:39.2,39.16 1 1
github.com/cuimingda/subs-cli/internal/subtitles/style_fonts.go:22.58,25.16 3 5
github.com/cuimingda/subs-cli/internal/subtitles/style_fonts.go:25.16,27.3 1 0
github.com/cuimingda/subs-cli/internal/subtitles/style_fonts.go:29.2,29.29 1 5
github.com/cuimingda/subs-cli/internal/subtitles/style_fonts.go:29.29,31.17 2 5
github.com/cuimingda/subs-cli/internal/subtitles/style_fonts.go:31.17,33.4 1 0
github.com/cuimingda/subs-cli/internal/subtitles/style_fonts.go:35.3,38.5 1 5
github.com/cuimingda/subs-cli/internal/subtitles/style_fonts.go:41.2,41.42 1 5
github.com/cuimingda/subs-cli/internal/subtitles/style_fonts.go:41.42,43.3 1 0
github.com/cuimingda/subs-cli/internal/subtitles/style_fonts.go:45.2,45.21 1 5
github.com/cuimingda/subs-cli/internal/subtitles/style_fonts.go:48.61,50.16 2 5
github.com/cuimingda/subs-cli/internal/subtitles/style_fonts.go:50.16,52.3 1 0
github.com/cuimingda/subs-cli/internal/subtitles/style_fonts.go:54.2,60.29 5 5
github.com/cuimingda/subs-cli/internal/subtitles/style_fonts.go:60.29,62.21 2 24
github.com/cuimingda/subs-cli/internal/subtitles/style_fonts.go:62.21,63.12 1 5
github.com/cuimingda/subs-cli/internal/subtitles/style_fonts.go:66.3,66.29 1 19
github.com/cuimingda/subs-cli/internal/subtitles/style_fonts.go:66.29,69.12 3 5
github.com/cuimingda/subs-cli/internal/subtitles/style_fonts.go:72.3,72.23 1 14
github.com/cuimingda/subs-cli/internal/subtitles/style_fonts.go:72.23,73.12 1 1
github.com/cuimingda/subs-cli/internal/subtitles/style_fonts.go:76.3,76.61 1 13
github.com/cuimingda/subs-cli/internal/subtitles/style_fonts.go:76.61,77.9 1 0
github.com/cuimingda/subs-cli/internal/subtitles/style_fonts.go:80.3,81.41 2 13
github.com/cuimingda/subs-cli/internal/subtitles/style_fonts.go:81.41,83.12 2 5
github.com/cuimingda/subs-cli/internal/subtitles/style_fonts.go:86.3,86.62 1 8
github.com/cuimingda/subs-cli/internal/subtitles/style_fonts.go:86.62,87.12 1 1
github.com/cuimingda/subs-cli/internal/subtitles/style_fonts.go:90.3,91.22 2 7
github.com/cuimingda/subs-cli/internal/subtitles/style_fonts.go:91.22,92.12 1 0
github.com/cuimingda/subs-cli/internal/subtitles/style_fonts.go:94.3,95.36 2 7
github.com/cuimingda/subs-cli/internal/subtitles/style_fonts.go:95.36,96.12 1 0
github.com/cuimingda/subs-cli/internal/subtitles/style_fonts.go:99.3,100.21 2 7
github.com/cuimingda/subs-cli/internal/subtitles/style_fonts.go:100.21,101.12 1 0
github.com/cuimingda/subs-cli/internal/subtitles/style_fonts.go:104.3,104.45 1 7
github.com/cuimingda/subs-cli/internal/subtitles/style_fonts.go:104.45,105.12 1 1
github.com/cuimingda/subs-cli/internal/subtitles/style_fonts.go:108.3,109.34 2 6
github.com/cuimingda/subs-cli/internal/subtitles/style_fonts.go:112.2,112.19 1 5
github.com/cuimingda/subs-cli/internal/subtitles/style_fonts.go:115.47,117.29 2 9
github.com/cuimingda/subs-cli/internal/subtitles/style_fonts.go:117.29,119.3 1 0
github.com/cuimingda/subs-cli/internal/subtitles/style_fonts.go:121.2,122.39 2 9
github.com/cuimingda/subs-cli/internal/subtitles/style_fonts.go:122.39,123.62 1 22
github.com/cuimingda/subs-cli/internal/subtitles/style_fonts.go:123.62,125.4 1 8
github.com/cuimingda/subs-cli/internal/subtitles/style_fonts.go:128.2,128.11 1 1
github.com/cuimingda/subs-cli/internal/subtitles/style_fonts.go:131.49,133.2 1 23
github.com/cuimingda/subs-cli/internal/subtitles/style_fonts.go:135.38,139.2 3 43
github.com/cuimingda/subs-cli/internal/subtitles/style_fonts.go:141.57,145.21 4 23
github.com/cuimingda/subs-cli/internal/subtitles/style_fonts.go:145.21,147.3 1 0
github.com/cuimingda/subs-cli/internal/subtitles/style_fonts.go:149.2,151.45 3 23
github.com/cuimingda/subs-cli/internal/subtitles/style_fonts.go:151.45,153.3 1 23
github.com/cuimingda/subs-cli/internal/subtitles/style_fonts.go:154.2,154.24 1 23
github.com/cuimingda/subs-cli/internal/subtitles/style_fonts.go:157.86,160.16 3 4
github.com/cuimingda/subs-cli/internal/subtitles/style_fonts.go:160.16,162.3 1 0
github.com/cuimingda/subs-cli/internal/subtitles/style_fonts.go:164.2,166.29 2 4
github.com/cuimingda/subs-cli/internal/subtitles/style_fonts.go:166.29,168.17 2 4
github.com/cuimingda/subs-cli/internal/subtitles/style_fonts.go:168.17,170.4 1 0
github.com/cuimingda/subs-cli/internal/subtitles/style_fonts.go:171.3,171.24 1 4
github.com/cuimingda/subs-cli/internal/subtitles/style_fonts.go:171.24,174.4 2 3
github.com/cuimingda/subs-cli/internal/subtitles/style_fonts.go:177.2,177.20 1 4
github.com/cuimingda/subs-cli/internal/subtitles/style_fonts.go:180.57,182.16 2 4
github.com/cuimingda/subs-cli/internal/subtitles/style_fonts.go:182.16,184.3 1 0
github.com/cuimingda/subs-cli/internal/subtitles/style_fonts.go:186.2,193.29 6 4
github.com/cuimingda/subs-cli/internal/subtitles/style_fonts.go:193.29,197.32 3 19
github.com/cuimingda/subs-cli/internal/subtitles/style_fonts.go:197.32,201.12 4 4
github.com/cuimingda/subs-cli/internal/subtitles/style_fonts.go:204.3,204.23 1 15
github.com/cuimingda/subs-cli/internal/subtitles/style_fonts.go:204.23,206.12 2 0
github.com/cuimingda/subs-cli/internal/subtitles/style_fonts.go:209.3,209.67 1 15
github.com/cuimingda/subs-cli/internal/subtitles/style_fonts.go:209.67,212.12 3 0
github.com/cuimingda/subs-cli/internal/subtitles/style_fonts.go:215.3,216.41 2 15
github.com/cuimingda/subs-cli/internal/subtitles/style_fonts.go:216.41,219.12 3 4
github.com/cuimingda/subs-cli/internal/subtitles/style_fonts.go:222.3,222.62 1 11
github.com/cuimingda/subs-cli/internal/subtitles/style_fonts.go:222.62,224.12 2 4
github.com/cuimingda/subs-cli/internal/subtitles/style_fonts.go:227.3,228.17 2 7
github.com/cuimingda/subs-cli/internal/subtitles/style_fonts.go:228.17,230.12 2 0
github.com/cuimingda/subs-cli/internal/subtitles/style_fonts.go:232.3,233.36 2 7
github.com/cuimingda/subs-cli/internal/subtitles/style_fonts.go:233.36,235.12 2 0
github.com/cuimingda/subs-cli/internal/subtitles/style_fonts.go:238.3,238.69 1 7
github.com/cuimingda/subs-cli/internal/subtitles/style_fonts.go:238.69,240.12 2 1
github.com/cuimingda/subs-cli/internal/subtitles/style_fonts.go:243.3,245.12 3 6
github.com/cuimingda/subs-cli/internal/subtitles/style_fonts.go:248.2,248.18 1 4
github.com/cuimingda/subs-cli/internal/subtitles/style_fonts.go:248.18,250.3 1 1
github.com/cuimingda/subs-cli/internal/subtitles/style_fonts.go:252.2,253.70 2 3
github.com/cuimingda/subs-cli/internal/subtitles/style_fonts.go:253.70,255.3 1 0
github.com/cuimingda/subs-cli/internal/subtitles/style_fonts.go:257.2,257.21 1 3
github.com/cuimingda/subs-cli/internal/subtitles/style_fonts.go:260.47,261.55 1 9
github.com/cuimingda/subs-cli/internal/subtitles/style_fonts.go:261.55,263.3 1 0
github.com/cuimingda/subs-cli/internal/subtitles/style_fonts.go:265.2,266.16 2 9
github.com/cuimingda/subs-cli/internal/subtitles/style_fonts.go:266.16,268.3 1 0
github.com/cuimingda/subs-cli/internal/subtitles/style_fonts.go:270.2,270.26 1 9
github.com/cuimingda/subs-cli/internal/subtitles/style_fonts.go:270.26,272.3 1 0
github.com/cuimingda/subs-cli/internal/subtitles/style_fonts.go:274.2,274.29 1 9
github.com/cuimingda/subs-cli/internal/subtitles/style_fonts.go:277.54,279.16 2 5
github.com/cuimingda/subs-cli/internal/subtitles/style_fonts.go:279.16,281.3 1 0
github.com/cuimingda/subs-cli/internal/subtitles/style_fonts.go:283.2,283.42 1 5
github.com/cuimingda/subs-cli/cmd/dialogue_font.go:11.38,16.55 1 55
github.com/cuimingda/subs-cli/cmd/dialogue_font.go:16.55,18.4 1 0
github.com/cuimingda/subs-cli/cmd/dialogue_font.go:21.2,25.55 1 55
github.com/cuimingda/subs-cli/cmd/dialogue_font.go:25.55,27.4 1 1
github.com/cuimingda/subs-cli/cmd/dialogue_font.go:30.2,34.55 1 55
github.com/cuimingda/subs-cli/cmd/dialogue_font.go:34.55,36.18 2 3
github.com/cuimingda/subs-cli/cmd/dialogue_font.go:36.18,38.5 1 0
github.com/cuimingda/subs-cli/cmd/dialogue_font.go:40.4,40.34 1 3
github.com/cuimingda/subs-cli/cmd/dialogue_font.go:40.34,42.23 2 3
github.com/cuimingda/subs-cli/cmd/dialogue_font.go:42.23,44.6 1 1
github.com/cuimingda/subs-cli/cmd/dialogue_font.go:46.5,46.99 1 3
github.com/cuimingda/subs-cli/cmd/dialogue_font.go:46.99,48.6 1 0
github.com/cuimingda/subs-cli/cmd/dialogue_font.go:51.4,51.14 1 3
github.com/cuimingda/subs-cli/cmd/dialogue_font.go:55.2,59.55 1 55
github.com/cuimingda/subs-cli/cmd/dialogue_font.go:59.55,61.18 2 4
github.com/cuimingda/subs-cli/cmd/dialogue_font.go:61.18,63.5 1 0
github.com/cuimingda/subs-cli/cmd/dialogue_font.go:65.4,70.18 1 4
github.com/cuimingda/subs-cli/cmd/dialogue_font.go:70.18,72.5 1 0
github.com/cuimingda/subs-cli/cmd/dialogue_font.go:74.4,74.14 1 4
github.com/cuimingda/subs-cli/cmd/dialogue_font.go:78.2,82.20 4 55
github.com/cuimingda/subs-cli/cmd/encoding.go:5.38,10.55 1 55
github.com/cuimingda/subs-cli/cmd/encoding.go:10.55,12.4 1 1
github.com/cuimingda/subs-cli/cmd/encoding.go:15.2,18.20 3 55
github.com/cuimingda/subs-cli/cmd/encoding_list.go:10.42,15.55 1 55
github.com/cuimingda/subs-cli/cmd/encoding_list.go:15.55,17.18 2 2
github.com/cuimingda/subs-cli/cmd/encoding_list.go:17.18,19.5 1 1
github.com/cuimingda/subs-cli/cmd/encoding_list.go:21.4,21.31 1 1
github.com/cuimingda/subs-cli/cmd/encoding_list.go:21.31,22.104 1 2
github.com/cuimingda/subs-cli/cmd/encoding_list.go:22.104,24.6 1 0
github.com/cuimingda/subs-cli/cmd/encoding_list.go:27.4,27.14 1 1
github.com/cuimingda/subs-cli/cmd/encoding_reset.go:10.43,15.55 1 55
github.com/cuimingda/subs-cli/cmd/encoding_reset.go:15.55,17.18 2 2
github.com/cuimingda/subs-cli/cmd/encoding_reset.go:17.18,19.5 1 1
github.com/cuimingda/subs-cli/cmd/encoding_reset.go:21.4,22.14 2 1
github.com/cuimingda/subs-cli/cmd/extract.go:15.37,23.60 3 55
github.com/cuimingda/subs-cli/cmd/extract.go:23.60,26.76 2 2
github.com/cuimingda/subs-cli/cmd/extract.go:26.76,28.5 1 1
github.com/cuimingda/subs-cli/cmd/extract.go:30.4,30.47 1 1
github.com/cuimingda/subs-cli/cmd/extract.go:30.47,32.5 1 0
github.com/cuimingda/subs-cli/cmd/extract.go:34.4,34.53 1 1
github.com/cuimingda/subs-cli/cmd/extract.go:34.53,36.5 1 0
github.com/cuimingda/subs-cli/cmd/extract.go:38.4,39.23 2 1
github.com/cuimingda/subs-cli/cmd/extract.go:39.23,41.19 2 0
github.com/cuimingda/subs-cli/cmd/extract.go:41.19,43.6 1 0
github.com/cuimingda/subs-cli/cmd/extract.go:44.5,44.22 1 0
github.com/cuimingda/subs-cli/cmd/extract.go:44.22,46.6 1 0
github.com/cuimingda/subs-cli/cmd/extract.go:47.5,47.29 1 0
github.com/cuimingda/subs-cli/cmd/extract.go:50.4,51.18 2 1
github.com/cuimingda/subs-cli/cmd/extract.go:51.18,53.5 1 0
github.com/cuimingda/subs-cli/cmd/extract.go:55.4,56.35 2 1
github.com/cuimingda/subs-cli/cmd/extract.go:56.35,57.34 1 11
github.com/cuimingda/subs-cli/cmd/extract.go:57.34,59.6 1 8
github.com/cuimingda/subs-cli/cmd/extract.go:62.4,63.18 2 1
github.com/cuimingda/subs-cli/cmd/extract.go:63.18,65.5 1 0
github.com/cuimingda/subs-cli/cmd/extract.go:67.4,68.45 2 1
github.com/cuimingda/subs-cli/cmd/extract.go:68.45,70.5 1 0
github.com/cuimingda/subs-cli/cmd/extract.go:71.4,71.53 1 1
github.com/cuimingda/subs-cli/cmd/extract.go:71.53,73.5 1 0
github.com/cuimingda/subs-cli/cmd/extract.go:75.4,75.132 1 1
github.com/cuimingda/subs-cli/cmd/extract.go:75.132,77.5 1 0
github.com/cuimingda/subs-cli/cmd/extract.go:79.4,79.43 1 1
github.com/cuimingda/subs-cli/cmd/extract.go:79.43,81.19 2 8
github.com/cuimingda/subs-cli/cmd/extract.go:81.19,83.6 1 0
github.com/cuimingda/subs-cli/cmd/extract.go:85.5,92.19 1 8
github.com/cuimingda/subs-cli/cmd/extract.go:92.19,94.6 1 0
github.com/cuimingda/subs-cli/cmd/extract.go:96.5,108.44 3 8
github.com/cuimingda/subs-cli/cmd/extract.go:108.44,110.6 1 0
github.com/cuimingda/subs-cli/cmd/extract.go:113.4,113.14 1 1
github.com/cuimingda/subs-cli/cmd/extract.go:117.2,120.12 3 55
github.com/cuimingda/subs-cli/cmd/extract.go:123.115,124.20 1 4
github.com/cuimingda/subs-cli/cmd/extract.go:124.20,126.3 1 1
github.com/cuimingda/subs-cli/cmd/extract.go:128.2,129.36 2 3
github.com/cuimingda/subs-cli/cmd/extract.go:129.36,130.41 1 8
github.com/cuimingda/subs-cli/cmd/extract.go:130.41,132.33 2 2
github.com/cuimingda/subs-cli/cmd/extract.go:132.33,134.5 1 1
github.com/cuimingda/subs-cli/cmd/extract.go:135.4,135.77 1 1
github.com/cuimingda/subs-cli/cmd/extract.go:139.2,139.20 1 1
github.com/cuimingda/subs-cli/cmd/extract.go:139.20,141.3 1 1
github.com/cuimingda/subs-cli/cmd/extract.go:143.2,143.17 1 0
github.com/cuimingda/subs-cli/cmd/extract.go:146.47,149.21 3 21
github.com/cuimingda/subs-cli/cmd/extract.go:149.21,151.3 1 1
github.com/cuimingda/subs-cli/cmd/extract.go:152.2,152.38 1 20
github.com/cuimingda/subs-cli/cmd/extract.go:155.43,157.19 2 22
github.com/cuimingda/subs-cli/cmd/extract.go:157.19,159.3 1 1
github.com/cuimingda/subs-cli/cmd/extract.go:160.2,160.50 1 21
github.com/cuimingda/subs-cli/cmd/extract.go:163.66,166.2 2 11
github.com/cuimingda/subs-cli/cmd/extract.go:168.98,171.27 3 10
github.com/cuimingda/subs-cli/cmd/extract.go:171.27,173.3 1 8
github.com/cuimingda/subs-cli/cmd/extract.go:174.2,174.24 1 10
github.com/cuimingda/subs-cli/cmd/extract.go:174.24,176.3 1 1
github.com/cuimingda/subs-cli/cmd/extract.go:178.2,180.15 3 10
github.com/cuimingda/subs-cli/cmd/extract.go:180.15,182.3 1 2
github.com/cuimingda/subs-cli/cmd/extract.go:184.2,184.111 1 10
github.com/cuimingda/subs-cli/cmd/extract.go:187.47,190.2 2 10
github.com/cuimingda/subs-cli/cmd/extract.go:192.47,194.2 1 2
github.com/cuimingda/subs-cli/cmd/extract.go:196.48,199.17 3 14
github.com/cuimingda/subs-cli/cmd/extract.go:199.17,201.3 1 1
github.com/cuimingda/subs-cli/cmd/extract.go:202.2,202.14 1 13
github.com/cuimingda/subs-cli/cmd/extract.go:205.42,206.17 1 16
github.com/cuimingda/subs-cli/cmd/extract.go:206.17,208.3 1 1
github.com/cuimingda/subs-cli/cmd/extract.go:209.2,209.14 1 15
github.com/cuimingda/subs-cli/cmd/file.go:16.34,21.55 1 55
github.com/cuimingda/subs-cli/cmd/file.go:21.55,23.4 1 0
github.com/cuimingda/subs-cli/cmd/file.go:26.2,30.55 1 55
github.com/cuimingda/subs-cli/cmd/file.go:30.55,32.18 2 2
github.com/cuimingda/subs-cli/cmd/file.go:32.18,34.5 1 1
github.com/cuimingda/subs-cli/cmd/file.go:36.4,36.47 1 1
github.com/cuimingda/subs-cli/cmd/file.go:36.47,41.12 4 4
github.com/cuimingda/subs-cli/cmd/file.go:41.12,42.98 1 1
github.com/cuimingda/subs-cli/cmd/file.go:42.98,44.7 1 0
github.com/cuimingda/subs-cli/cmd/file.go:45.6,45.14 1 1
github.com/cuimingda/subs-cli/cmd/file.go:48.5,49.19 2 3
github.com/cuimingda/subs-cli/cmd/file.go:49.19,51.6 1 0
github.com/cuimingda/subs-cli/cmd/file.go:53.5,53.24 1 3
github.com/cuimingda/subs-cli/cmd/file.go:53.24,54.100 1 1
github.com/cuimingda/subs-cli/cmd/file.go:54.100,56.7 1 0
github.com/cuimingda/subs-cli/cmd/file.go:57.6,57.14 1 1
github.com/cuimingda/subs-cli/cmd/file.go:60.5,62.34 3 2
github.com/cuimingda/subs-cli/cmd/file.go:62.34,64.112 2 1
github.com/cuimingda/subs-cli/cmd/file.go:64.112,66.7 1 0
github.com/cuimingda/subs-cli/cmd/file.go:67.6,67.14 1 1
github.com/cuimingda/subs-cli/cmd/file.go:70.5,70.108 1 1
github.com/cuimingda/subs-cli/cmd/file.go:70.108,72.6 1 0
github.com/cuimingda/subs-cli/cmd/file.go:75.4,75.14 1 1
github.com/cuimingda/subs-cli/cmd/file.go:79.2,83.55 1 55
github.com/cuimingda/subs-cli/cmd/file.go:83.55,85.18 2 2
github.com/cuimingda/subs-cli/cmd/file.go:85.18,87.5 1 1
github.com/cuimingda/subs-cli/cmd/file.go:89.4,89.47 1 1
github.com/cuimingda/subs-cli/cmd/file.go:89.47,94.12 4 4
github.com/cuimingda/subs-cli/cmd/file.go:94.12,95.98 1 1
github.com/cuimingda/subs-cli/cmd/file.go:95.98,97.7 1 0
github.com/cuimingda/subs-cli/cmd/file.go:98.6,98.14 1 1
github.com/cuimingda/subs-cli/cmd/file.go:101.5,102.19 2 3
github.com/cuimingda/subs-cli/cmd/file.go:102.19,104.6 1 0
github.com/cuimingda/subs-cli/cmd/file.go:106.5,106.24 1 3
github.com/cuimingda/subs-cli/cmd/file.go:106.24,107.100 1 1
github.com/cuimingda/subs-cli/cmd/file.go:107.100,109.7 1 0
github.com/cuimingda/subs-cli/cmd/file.go:110.6,110.14 1 1
github.com/cuimingda/subs-cli/cmd/file.go:113.5,115.34 3 2
github.com/cuimingda/subs-cli/cmd/file.go:115.34,117.112 2 1
github.com/cuimingda/subs-cli/cmd/file.go:117.112,119.7 1 0
github.com/cuimingda/subs-cli/cmd/file.go:120.6,120.14 1 1
github.com/cuimingda/subs-cli/cmd/file.go:123.5,124.60 2 1
github.com/cuimingda/subs-cli/cmd/file.go:124.60,126.6 1 0
github.com/cuimingda/subs-cli/cmd/file.go:128.5,128.108 1 1
github.com/cuimingda/subs-cli/cmd/file.go:128.108,130.6 1 0
github.com/cuimingda/subs-cli/cmd/file.go:133.4,133.14 1 1
github.com/cuimingda/subs-cli/cmd/file.go:137.2,141.55 1 55
github.com/cuimingda/subs-cli/cmd/file.go:141.55,143.18 2 3
github.com/cuimingda/subs-cli/cmd/file.go:143.18,145.5 1 1
github.com/cuimingda/subs-cli/cmd/file.go:147.4,148.18 2 2
github.com/cuimingda/subs-cli/cmd/file.go:148.18,150.5 1 0
github.com/cuimingda/subs-cli/cmd/file.go:151.4,151.18 1 2
github.com/cuimingda/subs-cli/cmd/file.go:151.18,153.5 1 1
github.com/cuimingda/subs-cli/cmd/file.go:155.4,155.47 1 1
github.com/cuimingda/subs-cli/cmd/file.go:155.47,156.53 1 2
github.com/cuimingda/subs-cli/cmd/file.go:156.53,158.6 1 0
github.com/cuimingda/subs-cli/cmd/file.go:161.4,161.14 1 1
github.com/cuimingda/subs-cli/cmd/file.go:165.2,169.16 4 55
github.com/cuimingda/subs-cli/cmd/file.go:172.42,174.2 1 18
github.com/cuimingda/subs-cli/cmd/file.go:176.79,177.67 1 2
github.com/cuimingda/subs-cli/cmd/file.go:177.67,179.3 1 0
github.com/cuimingda/subs-cli/cmd/file.go:181.2,183.16 3 2
github.com/cuimingda/subs-cli/cmd/file.go:183.16,185.3 1 1
github.com/cuimingda/subs-cli/cmd/file.go:187.2,188.50 2 1
github.com/cuimingda/subs-cli/cmd/file.go:191.41,193.16 2 2
github.com/cuimingda/subs-cli/cmd/file.go:193.16,195.3 1 0
github.com/cuimingda/subs-cli/cmd/file.go:197.2,197.53 1 2
github.com/cuimingda/subs-cli/cmd/file.go:197.53,199.3 1 0
github.com/cuimingda/subs-cli/cmd/file.go:201.2,202.36 2 2
github.com/cuimingda/subs-cli/cmd/file.go:205.63,210.43 5 2
github.com/cuimingda/subs-cli/cmd/file.go:210.43,212.7 2 0
github.com/cuimingda/subs-cli/cmd/file.go:212.7,214.56 2 0
github.com/cuimingda/subs-cli/cmd/file.go:214.56,216.5 1 0
github.com/cuimingda/subs-cli/cmd/file.go:217.4,217.13 1 0
github.com/cuimingda/subs-cli/cmd/file.go:221.2,221.15 1 2
github.com/cuimingda/subs-cli/cmd/file.go:224.36,226.22 2 2
github.com/cuimingda/subs-cli/cmd/file.go:227.17,228.66 1 0
github.com/cuimingda/subs-cli/cmd/file.go:229.16,230.17 1 2
github.com/cuimingda/subs-cli/cmd/file.go:230.17,232.4 1 0
github.com/cuimingda/subs-cli/cmd/file.go:233.3,233.44 1 2
github.com/cuimingda/subs-cli/cmd/file.go:234.15,235.61 1 0
github.com/cuimingda/subs-cli/cmd/file.go:235.61,237.4 1 0
github.com/cuimingda/subs-cli/cmd/file.go:238.3,238.17 1 0
github.com/cuimingda/subs-cli/cmd/file.go:238.17,240.4 1 0
github.com/cuimingda/subs-cli/cmd/file.go:241.3,241.71 1 0
github.com/cuimingda/subs-cli/cmd/file.go:242.10,243.17 1 0
github.com/cuimingda/subs-cli/cmd/file.go:243.17,245.4 1 0
github.com/cuimingda/subs-cli/cmd/file.go:246.3,246.44 1 0
github.com/cuimingda/subs-cli/cmd/info.go:22.34,27.55 1 55
github.com/cuimingda/subs-cli/cmd/info.go:27.55,30.76 2 3
github.com/cuimingda/subs-cli/cmd/info.go:30.76,32.5 1 1
github.com/cuimingda/subs-cli/cmd/info.go:34.4,34.47 1 2
github.com/cuimingda/subs-cli/cmd/info.go:34.47,36.5 1 1
github.com/cuimingda/subs-cli/cmd/info.go:38.4,38.53 1 1
github.com/cuimingda/subs-cli/cmd/info.go:38.53,40.5 1 0
github.com/cuimingda/subs-cli/cmd/info.go:42.4,43.18 2 1
github.com/cuimingda/subs-cli/cmd/info.go:43.18,45.5 1 1
github.com/cuimingda/subs-cli/cmd/info.go:47.4,47.25 1 0
github.com/cuimingda/subs-cli/cmd/info.go:47.25,49.5 1 0
github.com/cuimingda/subs-cli/cmd/info.go:51.4,51.35 1 0
github.com/cuimingda/subs-cli/cmd/info.go:51.35,53.20 2 0
github.com/cuimingda/subs-cli/cmd/info.go:53.20,55.6 1 0
github.com/cuimingda/subs-cli/cmd/info.go:57.5,57.34 1 0
github.com/cuimingda/subs-cli/cmd/info.go:57.34,59.24 2 0
github.com/cuimingda/subs-cli/cmd/info.go:59.24,61.7 1 0
github.com/cuimingda/subs-cli/cmd/info.go:62.6,63.30 2 0
github.com/cuimingda/subs-cli/cmd/info.go:63.30,65.7 1 0
github.com/cuimingda/subs-cli/cmd/info.go:67.6,75.20 1 0
github.com/cuimingda/subs-cli/cmd/info.go:75.20,77.7 1 0
github.com/cuimingda/subs-cli/cmd/info.go:78.6,78.14 1 0
github.com/cuimingda/subs-cli/cmd/info.go:81.5,81.106 1 0
github.com/cuimingda/subs-cli/cmd/info.go:81.106,83.6 1 0
github.com/cuimingda/subs-cli/cmd/info.go:86.4,86.14 1 0
github.com/cuimingda/subs-cli/cmd/info.go:91.62,95.21 4 3
github.com/cuimingda/subs-cli/cmd/info.go:95.21,97.3 1 2
github.com/cuimingda/subs-cli/cmd/info.go:98.2,98.23 1 1
github.com/cuimingda/subs-cli/cmd/info.go:98.23,100.3 1 0
github.com/cuimingda/subs-cli/cmd/info.go:101.2,101.21 1 1
github.com/cuimingda/subs-cli/cmd/info.go:104.62,111.32 6 3
github.com/cuimingda/subs-cli/cmd/info.go:111.32,113.68 2 60
github.com/cuimingda/subs-cli/cmd/info.go:113.68,114.9 1 0
github.com/cuimingda/subs-cli/cmd/info.go:117.3,117.67 1 60
github.com/cuimingda/subs-cli/cmd/info.go:117.67,128.32 6 11
github.com/cuimingda/subs-cli/cmd/info.go:128.32,130.5 1 8
github.com/cuimingda/subs-cli/cmd/info.go:132.4,134.12 3 11
github.com/cuimingda/subs-cli/cmd/info.go:137.3,137.24 1 49
github.com/cuimingda/subs-cli/cmd/info.go:137.24,138.12 1 21
github.com/cuimingda/subs-cli/cmd/info.go:141.3,141.72 1 28
github.com/cuimingda/subs-cli/cmd/info.go:141.72,143.4 1 1
github.com/cuimingda/subs-cli/cmd/info.go:145.2,145.23 1 3
github.com/cuimingda/subs-cli/cmd/info.go:145.23,147.3 1 2
github.com/cuimingda/subs-cli/cmd/info.go:149.2,149.21 1 1
github.com/cuimingda/subs-cli/cmd/info.go:152.73,154.14 2 14
github.com/cuimingda/subs-cli/cmd/info.go:154.14,156.3 1 4
github.com/cuimingda/subs-cli/cmd/info.go:158.2,161.15 4 10
github.com/cuimingda/subs-cli/cmd/info.go:161.15,163.3 1 1
github.com/cuimingda/subs-cli/cmd/info.go:165.2,165.50 1 9
github.com/cuimingda/subs-cli/cmd/info.go:168.53,170.15 2 11
github.com/cuimingda/subs-cli/cmd/info.go:170.15,173.17 3 9
github.com/cuimingda/subs-cli/cmd/info.go:173.17,175.4 1 9
github.com/cuimingda/subs-cli/cmd/info.go:178.2,178.58 1 2
github.com/cuimingda/subs-cli/cmd/info.go:178.58,180.3 1 1
github.com/cuimingda/subs-cli/cmd/info.go:182.2,182.39 1 2
github.com/cuimingda/subs-cli/cmd/list.go:10.34,15.55 1 55
github.com/cuimingda/subs-cli/cmd/list.go:15.55,17.18 2 2
github.com/cuimingda/subs-cli/cmd/list.go:17.18,19.5 1 1
github.com/cuimingda/subs-cli/cmd/list.go:21.4,21.31 1 1
github.com/cuimingda/subs-cli/cmd/list.go:21.31,22.68 1 2
github.com/cuimingda/subs-cli/cmd/list.go:22.68,24.6 1 0
github.com/cuimingda/subs-cli/cmd/list.go:27.4,27.14 1 1
github.com/cuimingda/subs-cli/cmd/merge.go:14.35,23.55 4 55
github.com/cuimingda/subs-cli/cmd/merge.go:23.55,27.82 2 5
github.com/cuimingda/subs-cli/cmd/merge.go:27.82,29.5 1 1
github.com/cuimingda/subs-cli/cmd/merge.go:31.4,31.51 1 4
github.com/cuimingda/subs-cli/cmd/merge.go:31.51,33.5 1 0
github.com/cuimingda/subs-cli/cmd/merge.go:35.4,35.80 1 4
github.com/cuimingda/subs-cli/cmd/merge.go:35.80,37.5 1 1
github.com/cuimingda/subs-cli/cmd/merge.go:39.4,39.49 1 3
github.com/cuimingda/subs-cli/cmd/merge.go:39.49,41.5 1 0
github.com/cuimingda/subs-cli/cmd/merge.go:43.4,43.59 1 3
github.com/cuimingda/subs-cli/cmd/merge.go:43.59,45.5 1 2
github.com/cuimingda/subs-cli/cmd/merge.go:47.4,47.53 1 1
github.com/cuimingda/subs-cli/cmd/merge.go:47.53,49.5 1 0
github.com/cuimingda/subs-cli/cmd/merge.go:51.4,52.18 2 1
github.com/cuimingda/subs-cli/cmd/merge.go:52.18,54.5 1 1
github.com/cuimingda/subs-cli/cmd/merge.go:56.4,56.130 1 0
github.com/cuimingda/subs-cli/cmd/merge.go:56.130,58.5 1 0
github.com/cuimingda/subs-cli/cmd/merge.go:60.4,61.35 2 0
github.com/cuimingda/subs-cli/cmd/merge.go:61.35,62.34 1 0
github.com/cuimingda/subs-cli/cmd/merge.go:62.34,64.6 1 0
github.com/cuimingda/subs-cli/cmd/merge.go:66.4,68.49 2 0
github.com/cuimingda/subs-cli/cmd/merge.go:68.49,69.49 1 0
github.com/cuimingda/subs-cli/cmd/merge.go:69.49,71.6 1 0
github.com/cuimingda/subs-cli/cmd/merge.go:74.4,84.48 3 0
github.com/cuimingda/subs-cli/cmd/merge.go:84.48,86.26 2 0
github.com/cuimingda/subs-cli/cmd/merge.go:86.26,88.6 1 0
github.com/cuimingda/subs-cli/cmd/merge.go:89.5,89.28 1 0
github.com/cuimingda/subs-cli/cmd/merge.go:89.28,91.6 1 0
github.com/cuimingda/subs-cli/cmd/merge.go:93.4,97.18 4 0
github.com/cuimingda/subs-cli/cmd/merge.go:97.18,99.5 1 0
github.com/cuimingda/subs-cli/cmd/merge.go:101.4,101.122 1 0
github.com/cuimingda/subs-cli/cmd/merge.go:101.122,103.5 1 0
github.com/cuimingda/subs-cli/cmd/merge.go:105.4,105.44 1 0
github.com/cuimingda/subs-cli/cmd/merge.go:109.2,113.12 5 55
github.com/cuimingda/subs-cli/cmd/merge.go:116.51,118.2 1 1
github.com/cuimingda/subs-cli/cmd/merge.go:120.45,123.2 2 2
github.com/cuimingda/subs-cli/cmd/remove.go:15.36,22.60 2 55
github.com/cuimingda/subs-cli/cmd/remove.go:22.60,25.80 2 1
github.com/cuimingda/subs-cli/cmd/remove.go:25.80,27.5 1 1
github.com/cuimingda/subs-cli/cmd/remove.go:29.4,29.49 1 0
github.com/cuimingda/subs-cli/cmd/remove.go:29.49,31.5 1 0
github.com/cuimingda/subs-cli/cmd/remove.go:33.4,33.52 1 0
github.com/cuimingda/subs-cli/cmd/remove.go:33.52,35.5 1 0
github.com/cuimingda/subs-cli/cmd/remove.go:37.4,37.53 1 0
github.com/cuimingda/subs-cli/cmd/remove.go:37.53,39.5 1 0
github.com/cuimingda/subs-cli/cmd/remove.go:41.4,42.18 2 0
github.com/cuimingda/subs-cli/cmd/remove.go:42.18,44.5 1 0
github.com/cuimingda/subs-cli/cmd/remove.go:46.4,47.18 2 0
github.com/cuimingda/subs-cli/cmd/remove.go:47.18,49.5 1 0
github.com/cuimingda/subs-cli/cmd/remove.go:51.4,63.18 2 0
github.com/cuimingda/subs-cli/cmd/remove.go:63.18,65.5 1 0
github.com/cuimingda/subs-cli/cmd/remove.go:66.4,66.18 1 0
github.com/cuimingda/subs-cli/cmd/remove.go:66.18,68.5 1 0
github.com/cuimingda/subs-cli/cmd/remove.go:70.4,71.49 2 0
github.com/cuimingda/subs-cli/cmd/remove.go:71.49,72.49 1 0
github.com/cuimingda/subs-cli/cmd/remove.go:72.49,74.6 1 0
github.com/cuimingda/subs-cli/cmd/remove.go:77.4,92.18 4 0
github.com/cuimingda/subs-cli/cmd/remove.go:92.18,94.5 1 0
github.com/cuimingda/subs-cli/cmd/remove.go:96.4,96.105 1 0
github.com/cuimingda/subs-cli/cmd/remove.go:96.105,98.5 1 0
github.com/cuimingda/subs-cli/cmd/remove.go:100.4,100.44 1 0
github.com/cuimingda/subs-cli/cmd/remove.go:104.2,107.12 3 55
github.com/cuimingda/subs-cli/cmd/remove.go:110.103,112.33 2 4
github.com/cuimingda/subs-cli/cmd/remove.go:112.33,114.3 1 1
github.com/cuimingda/subs-cli/cmd/remove.go:116.2,116.36 1 3
github.com/cuimingda/subs-cli/cmd/remove.go:116.36,117.41 1 8
github.com/cuimingda/subs-cli/cmd/remove.go:117.41,118.33 1 2
github.com/cuimingda/subs-cli/cmd/remove.go:118.33,120.5 1 1
github.com/cuimingda/subs-cli/cmd/remove.go:121.4,121.22 1 1
github.com/cuimingda/subs-cli/cmd/remove.go:125.2,125.72 1 1
github.com/cuimingda/subs-cli/cmd/root.go:14.34,41.2 13 55
github.com/cuimingda/subs-cli/cmd/root.go:45.16,48.16 3 0
github.com/cuimingda/subs-cli/cmd/root.go:48.16,51.3 2 0
github.com/cuimingda/subs-cli/cmd/style_font.go:11.35,16.55 1 55
github.com/cuimingda/subs-cli/cmd/style_font.go:16.55,18.4 1 1
github.com/cuimingda/subs-cli/cmd/style_font.go:21.2,25.55 1 55
github.com/cuimingda/subs-cli/cmd/style_font.go:25.55,27.4 1 1
github.com/cuimingda/subs-cli/cmd/style_font.go:30.2,34.55 1 55
github.com/cuimingda/subs-cli/cmd/style_font.go:34.55,36.18 2 3
github.com/cuimingda/subs-cli/cmd/style_font.go:36.18,38.5 1 0
github.com/cuimingda/subs-cli/cmd/style_font.go:40.4,40.34 1 3
github.com/cuimingda/subs-cli/cmd/style_font.go:40.34,42.23 2 3
github.com/cuimingda/subs-cli/cmd/style_font.go:42.23,44.6 1 1
github.com/cuimingda/subs-cli/cmd/style_font.go:46.5,46.99 1 3
github.com/cuimingda/subs-cli/cmd/style_font.go:46.99,48.6 1 0
github.com/cuimingda/subs-cli/cmd/style_font.go:51.4,51.14 1 3
github.com/cuimingda/subs-cli/cmd/style_font.go:55.2,59.55 1 55
github.com/cuimingda/subs-cli/cmd/style_font.go:59.55,61.18 2 1
github.com/cuimingda/subs-cli/cmd/style_font.go:61.18,63.5 1 0
github.com/cuimingda/subs-cli/cmd/style_font.go:65.4,71.14 2 1
github.com/cuimingda/subs-cli/cmd/style_font.go:75.2,79.17 4 55
github.com/cuimingda/subs-cli/cmd/url.go:21.34,26.55 1 55
github.com/cuimingda/subs-cli/cmd/url.go:26.55,28.4 1 1
github.com/cuimingda/subs-cli/cmd/url.go:31.2,35.55 1 55
github.com/cuimingda/subs-cli/cmd/url.go:35.55,36.43 1 1
github.com/cuimingda/subs-cli/cmd/url.go:36.43,37.95 1 1
github.com/cuimingda/subs-cli/cmd/url.go:37.95,39.6 1 0
github.com/cuimingda/subs-cli/cmd/url.go:41.4,41.14 1 1
github.com/cuimingda/subs-cli/cmd/url.go:45.2,49.55 1 55
github.com/cuimingda/subs-cli/cmd/url.go:49.55,52.11 3 2
github.com/cuimingda/subs-cli/cmd/url.go:52.11,54.5 1 1
github.com/cuimingda/subs-cli/cmd/url.go:55.4,56.14 2 1
github.com/cuimingda/subs-cli/cmd/url.go:60.2,64.55 1 55
github.com/cuimingda/subs-cli/cmd/url.go:64.55,67.11 3 2
github.com/cuimingda/subs-cli/cmd/url.go:67.11,69.5 1 1
github.com/cuimingda/subs-cli/cmd/url.go:71.4,72.18 2 1
github.com/cuimingda/subs-cli/cmd/url.go:72.18,74.5 1 0
github.com/cuimingda/subs-cli/cmd/url.go:76.4,76.102 1 1
github.com/cuimingda/subs-cli/cmd/url.go:76.102,78.5 1 0
github.com/cuimingda/subs-cli/cmd/url.go:79.4,79.57 1 1
github.com/cuimingda/subs-cli/cmd/url.go:79.57,81.5 1 0
github.com/cuimingda/subs-cli/cmd/url.go:82.4,83.14 2 1
github.com/cuimingda/subs-cli/cmd/url.go:87.2,91.16 4 55
github.com/cuimingda/subs-cli/cmd/url.go:94.33,96.29 2 1
github.com/cuimingda/subs-cli/cmd/url.go:96.29,98.3 1 1
github.com/cuimingda/subs-cli/cmd/url.go:100.2,101.14 2 1
github.com/cuimingda/subs-cli/cmd/url.go:104.59,106.16 2 1
github.com/cuimingda/subs-cli/cmd/url.go:106.16,108.3 1 0
github.com/cuimingda/subs-cli/cmd/url.go:110.2,111.58 2 1
github.com/cuimingda/subs-cli/cmd/url.go:111.58,113.3 1 0
github.com/cuimingda/subs-cli/cmd/url.go:115.2,116.16 2 1
github.com/cuimingda/subs-cli/cmd/url.go:116.16,118.3 1 0
github.com/cuimingda/subs-cli/cmd/url.go:120.2,120.23 1 1
github.com/cuimingda/subs-cli/cmd/url.go:123.50,125.16 2 1
github.com/cuimingda/subs-cli/cmd/url.go:125.16,127.3 1 0
github.com/cuimingda/subs-cli/cmd/url.go:128.2,130.61 2 1
github.com/cuimingda/subs-cli/cmd/url.go:130.61,132.3 1 0
github.com/cuimingda/subs-cli/cmd/url.go:134.2,135.16 2 1
github.com/cuimingda/subs-cli/cmd/url.go:135.16,137.3 1 0
github.com/cuimingda/subs-cli/cmd/url.go:139.2,140.16 2 1
github.com/cuimingda/subs-cli/cmd/url.go:140.16,142.3 1 0
github.com/cuimingda/subs-cli/cmd/url.go:143.2,145.56 2 1
github.com/cuimingda/subs-cli/cmd/url.go:145.56,147.3 1 0
github.com/cuimingda/subs-cli/cmd/url.go:149.2,149.12 1 1
